<?xml version="1.0" encoding="UTF-8"?>
<!-- Generated by org.testng.reporters.JUnitXMLReporter -->
<testsuite ignored="0" hostname="PF3JNT8T" failures="0" tests="11" name="Test" time="50.094" errors="0" timestamp="2025-04-23T15:41:56 IST">
  <testcase classname="tests.LoginTests" name="testLoginScenarios" time="0.378"/>
  <testcase classname="tests.LoginTests" name="testLoginScenarios" time="0.364"/>
  <testcase classname="tests.LoginTests" name="testLoginScenarios" time="0.161"/>
  <testcase classname="tests.LoginTests" name="testLoginScenarios" time="0.139"/>
  <testcase classname="tests.LoginTests" name="testCompletePurchaseFlow" time="0.55"/>
  <testcase classname="tests.LoginTests" name="testInvalidLoginWithEmptyCredentials" time="0.141"/>
  <testcase classname="tests.LoginTests" name="testInvalidLoginWithIncorrectPassword" time="0.166"/>
  <testcase classname="tests.CartTests" name="testAddItemToCart" time="0.324"/>
  <testcase classname="tests.CartTests" name="testCartIsEmptyAfterRemovingItem" time="10.387"/>
  <testcase classname="tests.CheckoutTests" name="testCartItemCountAfterAdd" time="0.333"/>
  <testcase classname="tests.CheckoutTests" name="testFinishPurchaseDisplaysThankYouMessage" time="0.552"/>
</testsuite> <!-- Test -->
